This is pdfTeX, Version 3.141592653-2.6-1.40.27 (TeX Live 2025) (preloaded format=pdflatex 2025.3.8)  26 SEP 2025 01:39
entering extended mode
 restricted \write18 enabled.
 file:line:error style messages enabled.
 %&-line parsing enabled.
**/Users/jaiselsingh/Desktop/coursework/computational_aspects_of_robotics/hw1SinghJaiseljs6897.pdf.tex
(/Users/jaiselsingh/Desktop/coursework/computational_aspects_of_robotics/hw1SinghJaiseljs6897.pdf.tex
LaTeX2e <2024-11-01> patch level 2
L3 programming layer <2025-01-18>
(/usr/local/texlive/2025/texmf-dist/tex/latex/base/article.cls
Document Class: article 2024/06/29 v1.4n Standard LaTeX document class
(/usr/local/texlive/2025/texmf-dist/tex/latex/base/size11.clo
File: size11.clo 2024/06/29 v1.4n Standard LaTeX file (size option)
)
\c@part=\count196
\c@section=\count197
\c@subsection=\count198
\c@subsubsection=\count199
\c@paragraph=\count266
\c@subparagraph=\count267
\c@figure=\count268
\c@table=\count269
\abovecaptionskip=\skip49
\belowcaptionskip=\skip50
\bibindent=\dimen141
) (/usr/local/texlive/2025/texmf-dist/tex/latex/geometry/geometry.sty
Package: geometry 2020/01/02 v5.9 Page Geometry
 (/usr/local/texlive/2025/texmf-dist/tex/latex/graphics/keyval.sty
Package: keyval 2022/05/29 v1.15 key=value parser (DPC)
\KV@toks@=\toks17
) (/usr/local/texlive/2025/texmf-dist/tex/generic/iftex/ifvtex.sty
Package: ifvtex 2019/10/25 v1.7 ifvtex legacy package. Use iftex instead.
 (/usr/local/texlive/2025/texmf-dist/tex/generic/iftex/iftex.sty
Package: iftex 2024/12/12 v1.0g TeX engine tests
))
\Gm@cnth=\count270
\Gm@cntv=\count271
\c@Gm@tempcnt=\count272
\Gm@bindingoffset=\dimen142
\Gm@wd@mp=\dimen143
\Gm@odd@mp=\dimen144
\Gm@even@mp=\dimen145
\Gm@layoutwidth=\dimen146
\Gm@layoutheight=\dimen147
\Gm@layouthoffset=\dimen148
\Gm@layoutvoffset=\dimen149
\Gm@dimlist=\toks18
) (/usr/local/texlive/2025/texmf-dist/tex/latex/amsmath/amsmath.sty
Package: amsmath 2024/11/05 v2.17t AMS math features
\@mathmargin=\skip51

For additional information on amsmath, use the `?' option.
(/usr/local/texlive/2025/texmf-dist/tex/latex/amsmath/amstext.sty
Package: amstext 2021/08/26 v2.01 AMS text
 (/usr/local/texlive/2025/texmf-dist/tex/latex/amsmath/amsgen.sty
File: amsgen.sty 1999/11/30 v2.0 generic functions
\@emptytoks=\toks19
\ex@=\dimen150
)) (/usr/local/texlive/2025/texmf-dist/tex/latex/amsmath/amsbsy.sty
Package: amsbsy 1999/11/29 v1.2d Bold Symbols
\pmbraise@=\dimen151
) (/usr/local/texlive/2025/texmf-dist/tex/latex/amsmath/amsopn.sty
Package: amsopn 2022/04/08 v2.04 operator names
)
\inf@bad=\count273
LaTeX Info: Redefining \frac on input line 233.
\uproot@=\count274
\leftroot@=\count275
LaTeX Info: Redefining \overline on input line 398.
LaTeX Info: Redefining \colon on input line 409.
\classnum@=\count276
\DOTSCASE@=\count277
LaTeX Info: Redefining \ldots on input line 495.
LaTeX Info: Redefining \dots on input line 498.
LaTeX Info: Redefining \cdots on input line 619.
\Mathstrutbox@=\box52
\strutbox@=\box53
LaTeX Info: Redefining \big on input line 721.
LaTeX Info: Redefining \Big on input line 722.
LaTeX Info: Redefining \bigg on input line 723.
LaTeX Info: Redefining \Bigg on input line 724.
\big@size=\dimen152
LaTeX Font Info:    Redeclaring font encoding OML on input line 742.
LaTeX Font Info:    Redeclaring font encoding OMS on input line 743.
\macc@depth=\count278
LaTeX Info: Redefining \bmod on input line 904.
LaTeX Info: Redefining \pmod on input line 909.
LaTeX Info: Redefining \smash on input line 939.
LaTeX Info: Redefining \relbar on input line 969.
LaTeX Info: Redefining \Relbar on input line 970.
\c@MaxMatrixCols=\count279
\dotsspace@=\muskip17
\c@parentequation=\count280
\dspbrk@lvl=\count281
\tag@help=\toks20
\row@=\count282
\column@=\count283
\maxfields@=\count284
\andhelp@=\toks21
\eqnshift@=\dimen153
\alignsep@=\dimen154
\tagshift@=\dimen155
\tagwidth@=\dimen156
\totwidth@=\dimen157
\lineht@=\dimen158
\@envbody=\toks22
\multlinegap=\skip52
\multlinetaggap=\skip53
\mathdisplay@stack=\toks23
LaTeX Info: Redefining \[ on input line 2953.
LaTeX Info: Redefining \] on input line 2954.
) (/usr/local/texlive/2025/texmf-dist/tex/latex/amsfonts/amssymb.sty
Package: amssymb 2013/01/14 v3.01 AMS font symbols
 (/usr/local/texlive/2025/texmf-dist/tex/latex/amsfonts/amsfonts.sty
Package: amsfonts 2013/01/14 v3.01 Basic AMSFonts support
\symAMSa=\mathgroup4
\symAMSb=\mathgroup5
LaTeX Font Info:    Redeclaring math symbol \hbar on input line 98.
LaTeX Font Info:    Overwriting math alphabet `\mathfrak' in version `bold'
(Font)                  U/euf/m/n --> U/euf/b/n on input line 106.
)) (/usr/local/texlive/2025/texmf-dist/tex/latex/enumitem/enumitem.sty
Package: enumitem 2025/02/06 v3.11 Customized lists
\labelindent=\skip54
\enit@outerparindent=\dimen159
\enit@toks=\toks24
\enit@inbox=\box54
\enit@count@id=\count285
\enitdp@description=\count286
) (/usr/local/texlive/2025/texmf-dist/tex/latex/base/inputenc.sty
Package: inputenc 2024/02/08 v1.3d Input encoding file
\inpenc@prehook=\toks25
\inpenc@posthook=\toks26
) (/usr/local/texlive/2025/texmf-dist/tex/latex/base/fontenc.sty
Package: fontenc 2021/04/29 v2.0v Standard LaTeX package
) (/usr/local/texlive/2025/texmf-dist/tex/latex/listings/listings.sty
\lst@mode=\count287
\lst@gtempboxa=\box55
\lst@token=\toks27
\lst@length=\count288
\lst@currlwidth=\dimen160
\lst@column=\count289
\lst@pos=\count290
\lst@lostspace=\dimen161
\lst@width=\dimen162
\lst@newlines=\count291
\lst@lineno=\count292
\lst@maxwidth=\dimen163
 (/usr/local/texlive/2025/texmf-dist/tex/latex/listings/lstpatch.sty
File: lstpatch.sty 2024/09/23 1.10c (Carsten Heinz)
) (/usr/local/texlive/2025/texmf-dist/tex/latex/listings/lstmisc.sty
File: lstmisc.sty 2024/09/23 1.10c (Carsten Heinz)
\c@lstnumber=\count293
\lst@skipnumbers=\count294
\lst@framebox=\box56
) (/usr/local/texlive/2025/texmf-dist/tex/latex/listings/listings.cfg
File: listings.cfg 2024/09/23 1.10c listings configuration
))
Package: listings 2024/09/23 1.10c (Carsten Heinz)
 (/usr/local/texlive/2025/texmf-dist/tex/latex/xcolor/xcolor.sty
Package: xcolor 2024/09/29 v3.02 LaTeX color extensions (UK)
 (/usr/local/texlive/2025/texmf-dist/tex/latex/graphics-cfg/color.cfg
File: color.cfg 2016/01/02 v1.6 sample color configuration
)
Package xcolor Info: Driver file: pdftex.def on input line 274.
 (/usr/local/texlive/2025/texmf-dist/tex/latex/graphics-def/pdftex.def
File: pdftex.def 2024/04/13 v1.2c Graphics/color driver for pdftex
) (/usr/local/texlive/2025/texmf-dist/tex/latex/graphics/mathcolor.ltx)
Package xcolor Info: Model `cmy' substituted by `cmy0' on input line 1349.
Package xcolor Info: Model `hsb' substituted by `rgb' on input line 1353.
Package xcolor Info: Model `RGB' extended on input line 1365.
Package xcolor Info: Model `HTML' substituted by `rgb' on input line 1367.
Package xcolor Info: Model `Hsb' substituted by `hsb' on input line 1368.
Package xcolor Info: Model `tHsb' substituted by `hsb' on input line 1369.
Package xcolor Info: Model `HSB' substituted by `hsb' on input line 1370.
Package xcolor Info: Model `Gray' substituted by `gray' on input line 1371.
Package xcolor Info: Model `wave' substituted by `hsb' on input line 1372.
) (/usr/local/texlive/2025/texmf-dist/tex/latex/pdfpages/pdfpages.sty
Package: pdfpages 2025/01/30 v0.6e Insert pages of external PDF documents (AM)
 (/usr/local/texlive/2025/texmf-dist/tex/latex/base/ifthen.sty
Package: ifthen 2024/03/16 v1.1e Standard LaTeX ifthen package (DPC)
) (/usr/local/texlive/2025/texmf-dist/tex/latex/tools/calc.sty
Package: calc 2023/07/08 v4.3 Infix arithmetic (KKT,FJ)
\calc@Acount=\count295
\calc@Bcount=\count296
\calc@Adimen=\dimen164
\calc@Bdimen=\dimen165
\calc@Askip=\skip55
\calc@Bskip=\skip56
LaTeX Info: Redefining \setlength on input line 80.
LaTeX Info: Redefining \addtolength on input line 81.
\calc@Ccount=\count297
\calc@Cskip=\skip57
) (/usr/local/texlive/2025/texmf-dist/tex/latex/eso-pic/eso-pic.sty
Package: eso-pic 2023/05/03 v3.0c eso-pic (RN)
\ESO@tempdima=\dimen166
\ESO@tempdimb=\dimen167
) (/usr/local/texlive/2025/texmf-dist/tex/latex/etoolbox/etoolbox.sty
Package: etoolbox 2025/02/11 v2.5l e-TeX tools for LaTeX (JAW)
\etb@tempcnta=\count298
) (/usr/local/texlive/2025/texmf-dist/tex/latex/graphics/graphicx.sty
Package: graphicx 2021/09/16 v1.2d Enhanced LaTeX Graphics (DPC,SPQR)
 (/usr/local/texlive/2025/texmf-dist/tex/latex/graphics/graphics.sty
Package: graphics 2024/08/06 v1.4g Standard LaTeX Graphics (DPC,SPQR)
 (/usr/local/texlive/2025/texmf-dist/tex/latex/graphics/trig.sty
Package: trig 2023/12/02 v1.11 sin cos tan (DPC)
) (/usr/local/texlive/2025/texmf-dist/tex/latex/graphics-cfg/graphics.cfg
File: graphics.cfg 2016/06/04 v1.11 sample graphics configuration
)
Package graphics Info: Driver file: pdftex.def on input line 106.
)
\Gin@req@height=\dimen168
\Gin@req@width=\dimen169
)
\AM@pagewidth=\dimen170
\AM@pageheight=\dimen171
\AM@fboxrule=\dimen172
 (/usr/local/texlive/2025/texmf-dist/tex/latex/pdfpages/pppdftex.def
File: pppdftex.def 2025/01/30 v0.6e Pdfpages driver for pdfTeX (AM)
)
\pdfpages@includegraphics@status=\count299
\AM@pagebox=\box57
\AM@global@opts=\toks28
\AM@pagecnt=\count300
\AM@toc@title=\toks29
\AM@lof@heading=\toks30
\c@AM@survey=\count301
\AM@templatesizebox=\box58
) (/usr/local/texlive/2025/texmf-dist/tex/latex/listings/lstlang1.sty
File: lstlang1.sty 2024/09/23 1.10c listings language file
) (/usr/local/texlive/2025/texmf-dist/tex/latex/l3backend/l3backend-pdftex.def
File: l3backend-pdftex.def 2024-05-08 L3 backend support: PDF output (pdfTeX)
\l__color_backend_stack_int=\count302
\l__pdf_internal_box=\box59
) (./hw1SinghJaiseljs6897.pdf.aux)
\openout1 = `hw1SinghJaiseljs6897.pdf.aux'.

LaTeX Font Info:    Checking defaults for OML/cmm/m/it on input line 38.
LaTeX Font Info:    ... okay on input line 38.
LaTeX Font Info:    Checking defaults for OMS/cmsy/m/n on input line 38.
LaTeX Font Info:    ... okay on input line 38.
LaTeX Font Info:    Checking defaults for OT1/cmr/m/n on input line 38.
LaTeX Font Info:    ... okay on input line 38.
LaTeX Font Info:    Checking defaults for T1/cmr/m/n on input line 38.
LaTeX Font Info:    ... okay on input line 38.
LaTeX Font Info:    Checking defaults for TS1/cmr/m/n on input line 38.
LaTeX Font Info:    ... okay on input line 38.
LaTeX Font Info:    Checking defaults for OMX/cmex/m/n on input line 38.
LaTeX Font Info:    ... okay on input line 38.
LaTeX Font Info:    Checking defaults for U/cmr/m/n on input line 38.
LaTeX Font Info:    ... okay on input line 38.

*geometry* driver: auto-detecting
*geometry* detected driver: pdftex
*geometry* verbose mode - [ preamble ] result:
* driver: pdftex
* paper: <default>
* layout: <same size as paper>
* layoutoffset:(h,v)=(0.0pt,0.0pt)
* modes: 
* h-part:(L,W,R)=(72.26999pt, 469.75502pt, 72.26999pt)
* v-part:(T,H,B)=(72.26999pt, 650.43001pt, 72.26999pt)
* \paperwidth=614.295pt
* \paperheight=794.96999pt
* \textwidth=469.75502pt
* \textheight=650.43001pt
* \oddsidemargin=0.0pt
* \evensidemargin=0.0pt
* \topmargin=-37.0pt
* \headheight=12.0pt
* \headsep=25.0pt
* \topskip=11.0pt
* \footskip=30.0pt
* \marginparwidth=59.0pt
* \marginparsep=10.0pt
* \columnsep=10.0pt
* \skip\footins=10.0pt plus 4.0pt minus 2.0pt
* \hoffset=0.0pt
* \voffset=0.0pt
* \mag=1000
* \@twocolumnfalse
* \@twosidefalse
* \@mparswitchfalse
* \@reversemarginfalse
* (1in=72.27pt=25.4mm, 1cm=28.453pt)

\c@lstlisting=\count303
(/usr/local/texlive/2025/texmf-dist/tex/context/base/mkii/supp-pdf.mkii
[Loading MPS to PDF converter (version 2006.09.02).]
\scratchcounter=\count304
\scratchdimen=\dimen173
\scratchbox=\box60
\nofMPsegments=\count305
\nofMParguments=\count306
\everyMPshowfont=\toks31
\MPscratchCnt=\count307
\MPscratchDim=\dimen174
\MPnumerator=\count308
\makeMPintoPDFobject=\count309
\everyMPtoPDFconversion=\toks32
) (/usr/local/texlive/2025/texmf-dist/tex/latex/epstopdf-pkg/epstopdf-base.sty
Package: epstopdf-base 2020-01-24 v2.11 Base part for package epstopdf
Package epstopdf-base Info: Redefining graphics rule for `.eps' on input line 485.
 (/usr/local/texlive/2025/texmf-dist/tex/latex/latexconfig/epstopdf-sys.cfg
File: epstopdf-sys.cfg 2010/07/13 v1.3 Configuration of (r)epstopdf for TeX Live
)) (/usr/local/texlive/2025/texmf-dist/tex/latex/pdflscape/pdflscape.sty
Package: pdflscape 2022-10-27 v0.13 Display of landscape pages in PDF
 (/usr/local/texlive/2025/texmf-dist/tex/latex/pdflscape/pdflscape-nometadata.sty
Package: pdflscape-nometadata 2022-10-28 v0.13 Display of landscape pages in PDF (HO)
 (/usr/local/texlive/2025/texmf-dist/tex/latex/graphics/lscape.sty
Package: lscape 2020/05/28 v3.02 Landscape Pages (DPC)
)
Package pdflscape Info: Auto-detected driver: pdftex on input line 81.
))
LaTeX Font Info:    Trying to load font information for U+msa on input line 39.
 (/usr/local/texlive/2025/texmf-dist/tex/latex/amsfonts/umsa.fd
File: umsa.fd 2013/01/14 v3.01 AMS symbols A
)
LaTeX Font Info:    Trying to load font information for U+msb on input line 39.
 (/usr/local/texlive/2025/texmf-dist/tex/latex/amsfonts/umsb.fd
File: umsb.fd 2013/01/14 v3.01 AMS symbols B
)

[1

{/usr/local/texlive/2025/texmf-var/fonts/map/pdftex/updmap/pdftex.map}{/usr/local/texlive/2025/texmf-dist/fonts/enc/dvips/cm-super/cm-super-t1.enc}]

[2]

[3]

[4]
Overfull \hbox (18.04655pt too wide) detected at line 334
\OML/cmm/m/it/10.95 ^^R[] \OT1/cmr/m/n/10.95 = [] 2(\OML/cmm/m/it/10.95 s[]; c[]\OT1/cmr/m/n/10.95 ) = []  \OML/cmm/m/it/10.95 ^^R[] \OT1/cmr/m/n/10.95 = \OML/cmm/m/it/10.95  \OMS/cmsy/m/n/10.95 ^^@ \OML/cmm/m/it/10.95 ^^L[] \OT1/cmr/m/n/10.95 = []
 []



[5]
<Comp Aspects Hw1.pdf, id=36, 456.74641pt x 590.6567pt>
File: Comp Aspects Hw1.pdf Graphic file (type pdf)
<use Comp Aspects Hw1.pdf>
Package pdftex.def Info: Comp Aspects Hw1.pdf  used on input line 427.
(pdftex.def)             Requested size: 456.7453pt x 590.65526pt.
<Comp Aspects Hw1.pdf, id=38, page=1, 456.74641pt x 590.6567pt>
File: Comp Aspects Hw1.pdf Graphic file (type pdf)
<use Comp Aspects Hw1.pdf, page 1>
Package pdftex.def Info: Comp Aspects Hw1.pdf , page1 used on input line 427.
(pdftex.def)             Requested size: 456.7453pt x 590.65526pt.
File: Comp Aspects Hw1.pdf Graphic file (type pdf)
<use Comp Aspects Hw1.pdf, page 1>
Package pdftex.def Info: Comp Aspects Hw1.pdf , page1 used on input line 427.
(pdftex.def)             Requested size: 615.29869pt x 795.69382pt.


[6]
File: Comp Aspects Hw1.pdf Graphic file (type pdf)
<use Comp Aspects Hw1.pdf, page 1>
Package pdftex.def Info: Comp Aspects Hw1.pdf , page1 used on input line 427.
(pdftex.def)             Requested size: 615.29869pt x 795.69382pt.
File: Comp Aspects Hw1.pdf Graphic file (type pdf)
<use Comp Aspects Hw1.pdf, page 1>
Package pdftex.def Info: Comp Aspects Hw1.pdf , page1 used on input line 427.
(pdftex.def)             Requested size: 615.29869pt x 795.69382pt.


File: Comp Aspects Hw1.pdf Graphic file (type pdf)
<use Comp Aspects Hw1.pdf, page 1>
Package pdftex.def Info: Comp Aspects Hw1.pdf , page1 used on input line 427.
(pdftex.def)             Requested size: 615.29869pt x 795.69382pt.
[7

 <./Comp Aspects Hw1.pdf>]
<Comp Aspects Hw1.pdf, id=51, page=2, 456.74641pt x 590.6567pt>
File: Comp Aspects Hw1.pdf Graphic file (type pdf)
<use Comp Aspects Hw1.pdf, page 2>
Package pdftex.def Info: Comp Aspects Hw1.pdf , page2 used on input line 427.
(pdftex.def)             Requested size: 615.29869pt x 795.69382pt.
File: Comp Aspects Hw1.pdf Graphic file (type pdf)
<use Comp Aspects Hw1.pdf, page 2>
Package pdftex.def Info: Comp Aspects Hw1.pdf , page2 used on input line 427.
(pdftex.def)             Requested size: 615.29869pt x 795.69382pt.


File: Comp Aspects Hw1.pdf Graphic file (type pdf)
<use Comp Aspects Hw1.pdf, page 2>
Package pdftex.def Info: Comp Aspects Hw1.pdf , page2 used on input line 427.
(pdftex.def)             Requested size: 615.29869pt x 795.69382pt.
[8

 <./Comp Aspects Hw1.pdf>]
<Comp Aspects Hw1.pdf, id=203, page=3, 456.74641pt x 590.6567pt>
File: Comp Aspects Hw1.pdf Graphic file (type pdf)
<use Comp Aspects Hw1.pdf, page 3>
Package pdftex.def Info: Comp Aspects Hw1.pdf , page3 used on input line 427.
(pdftex.def)             Requested size: 615.29869pt x 795.69382pt.
File: Comp Aspects Hw1.pdf Graphic file (type pdf)
<use Comp Aspects Hw1.pdf, page 3>
Package pdftex.def Info: Comp Aspects Hw1.pdf , page3 used on input line 427.
(pdftex.def)             Requested size: 615.29869pt x 795.69382pt.


File: Comp Aspects Hw1.pdf Graphic file (type pdf)
<use Comp Aspects Hw1.pdf, page 3>
Package pdftex.def Info: Comp Aspects Hw1.pdf , page3 used on input line 427.
(pdftex.def)             Requested size: 615.29869pt x 795.69382pt.
[9

 <./Comp Aspects Hw1.pdf>]
<Comp Aspects Hw1.pdf, id=361, page=4, 456.74641pt x 590.6567pt>
File: Comp Aspects Hw1.pdf Graphic file (type pdf)
<use Comp Aspects Hw1.pdf, page 4>
Package pdftex.def Info: Comp Aspects Hw1.pdf , page4 used on input line 427.
(pdftex.def)             Requested size: 615.29869pt x 795.69382pt.
File: Comp Aspects Hw1.pdf Graphic file (type pdf)
<use Comp Aspects Hw1.pdf, page 4>
Package pdftex.def Info: Comp Aspects Hw1.pdf , page4 used on input line 427.
(pdftex.def)             Requested size: 615.29869pt x 795.69382pt.


File: Comp Aspects Hw1.pdf Graphic file (type pdf)
<use Comp Aspects Hw1.pdf, page 4>
Package pdftex.def Info: Comp Aspects Hw1.pdf , page4 used on input line 427.
(pdftex.def)             Requested size: 615.29869pt x 795.69382pt.
[10

 <./Comp Aspects Hw1.pdf>]
<Comp Aspects Hw1.pdf, id=491, page=5, 456.74641pt x 590.6567pt>
File: Comp Aspects Hw1.pdf Graphic file (type pdf)
<use Comp Aspects Hw1.pdf, page 5>
Package pdftex.def Info: Comp Aspects Hw1.pdf , page5 used on input line 427.
(pdftex.def)             Requested size: 615.29869pt x 795.69382pt.
File: Comp Aspects Hw1.pdf Graphic file (type pdf)
<use Comp Aspects Hw1.pdf, page 5>
Package pdftex.def Info: Comp Aspects Hw1.pdf , page5 used on input line 427.
(pdftex.def)             Requested size: 615.29869pt x 795.69382pt.


File: Comp Aspects Hw1.pdf Graphic file (type pdf)
<use Comp Aspects Hw1.pdf, page 5>
Package pdftex.def Info: Comp Aspects Hw1.pdf , page5 used on input line 427.
(pdftex.def)             Requested size: 615.29869pt x 795.69382pt.
[11

 <./Comp Aspects Hw1.pdf>]
<Comp Aspects Hw1.pdf, id=616, page=6, 456.74641pt x 590.6567pt>
File: Comp Aspects Hw1.pdf Graphic file (type pdf)
<use Comp Aspects Hw1.pdf, page 6>
Package pdftex.def Info: Comp Aspects Hw1.pdf , page6 used on input line 427.
(pdftex.def)             Requested size: 615.29869pt x 795.69382pt.
File: Comp Aspects Hw1.pdf Graphic file (type pdf)
<use Comp Aspects Hw1.pdf, page 6>
Package pdftex.def Info: Comp Aspects Hw1.pdf , page6 used on input line 427.
(pdftex.def)             Requested size: 615.29869pt x 795.69382pt.


File: Comp Aspects Hw1.pdf Graphic file (type pdf)
<use Comp Aspects Hw1.pdf, page 6>
Package pdftex.def Info: Comp Aspects Hw1.pdf , page6 used on input line 427.
(pdftex.def)             Requested size: 615.29869pt x 795.69382pt.
[12

 <./Comp Aspects Hw1.pdf>]
<Comp Aspects Hw1.pdf, id=730, page=7, 456.74641pt x 590.6567pt>
File: Comp Aspects Hw1.pdf Graphic file (type pdf)
<use Comp Aspects Hw1.pdf, page 7>
Package pdftex.def Info: Comp Aspects Hw1.pdf , page7 used on input line 427.
(pdftex.def)             Requested size: 615.29869pt x 795.69382pt.
File: Comp Aspects Hw1.pdf Graphic file (type pdf)
<use Comp Aspects Hw1.pdf, page 7>
Package pdftex.def Info: Comp Aspects Hw1.pdf , page7 used on input line 427.
(pdftex.def)             Requested size: 615.29869pt x 795.69382pt.


File: Comp Aspects Hw1.pdf Graphic file (type pdf)
<use Comp Aspects Hw1.pdf, page 7>
Package pdftex.def Info: Comp Aspects Hw1.pdf , page7 used on input line 427.
(pdftex.def)             Requested size: 615.29869pt x 795.69382pt.
[13

 <./Comp Aspects Hw1.pdf>]
<Comp Aspects Hw1.pdf, id=803, page=8, 456.74641pt x 590.6567pt>
File: Comp Aspects Hw1.pdf Graphic file (type pdf)
<use Comp Aspects Hw1.pdf, page 8>
Package pdftex.def Info: Comp Aspects Hw1.pdf , page8 used on input line 427.
(pdftex.def)             Requested size: 615.29869pt x 795.69382pt.
File: Comp Aspects Hw1.pdf Graphic file (type pdf)
<use Comp Aspects Hw1.pdf, page 8>
Package pdftex.def Info: Comp Aspects Hw1.pdf , page8 used on input line 427.
(pdftex.def)             Requested size: 615.29869pt x 795.69382pt.


File: Comp Aspects Hw1.pdf Graphic file (type pdf)
<use Comp Aspects Hw1.pdf, page 8>
Package pdftex.def Info: Comp Aspects Hw1.pdf , page8 used on input line 427.
(pdftex.def)             Requested size: 615.29869pt x 795.69382pt.
[14

 <./Comp Aspects Hw1.pdf>]
<Comp Aspects Hw1.pdf, id=865, page=9, 456.74641pt x 590.6567pt>
File: Comp Aspects Hw1.pdf Graphic file (type pdf)
<use Comp Aspects Hw1.pdf, page 9>
Package pdftex.def Info: Comp Aspects Hw1.pdf , page9 used on input line 427.
(pdftex.def)             Requested size: 615.29869pt x 795.69382pt.
File: Comp Aspects Hw1.pdf Graphic file (type pdf)
<use Comp Aspects Hw1.pdf, page 9>
Package pdftex.def Info: Comp Aspects Hw1.pdf , page9 used on input line 427.
(pdftex.def)             Requested size: 615.29869pt x 795.69382pt.


File: Comp Aspects Hw1.pdf Graphic file (type pdf)
<use Comp Aspects Hw1.pdf, page 9>
Package pdftex.def Info: Comp Aspects Hw1.pdf , page9 used on input line 427.
(pdftex.def)             Requested size: 615.29869pt x 795.69382pt.
[15

 <./Comp Aspects Hw1.pdf>]
<Comp Aspects Hw1.pdf, id=1012, page=10, 456.74641pt x 590.6567pt>
File: Comp Aspects Hw1.pdf Graphic file (type pdf)
<use Comp Aspects Hw1.pdf, page 10>
Package pdftex.def Info: Comp Aspects Hw1.pdf , page10 used on input line 427.
(pdftex.def)             Requested size: 615.29869pt x 795.69382pt.
File: Comp Aspects Hw1.pdf Graphic file (type pdf)
<use Comp Aspects Hw1.pdf, page 10>
Package pdftex.def Info: Comp Aspects Hw1.pdf , page10 used on input line 427.
(pdftex.def)             Requested size: 615.29869pt x 795.69382pt.


File: Comp Aspects Hw1.pdf Graphic file (type pdf)
<use Comp Aspects Hw1.pdf, page 10>
Package pdftex.def Info: Comp Aspects Hw1.pdf , page10 used on input line 427.
(pdftex.def)             Requested size: 615.29869pt x 795.69382pt.
[16

 <./Comp Aspects Hw1.pdf>]
<Comp Aspects Hw1.pdf, id=1205, page=11, 456.74641pt x 590.6567pt>
File: Comp Aspects Hw1.pdf Graphic file (type pdf)
<use Comp Aspects Hw1.pdf, page 11>
Package pdftex.def Info: Comp Aspects Hw1.pdf , page11 used on input line 427.
(pdftex.def)             Requested size: 615.29869pt x 795.69382pt.
File: Comp Aspects Hw1.pdf Graphic file (type pdf)
<use Comp Aspects Hw1.pdf, page 11>
Package pdftex.def Info: Comp Aspects Hw1.pdf , page11 used on input line 427.
(pdftex.def)             Requested size: 615.29869pt x 795.69382pt.


File: Comp Aspects Hw1.pdf Graphic file (type pdf)
<use Comp Aspects Hw1.pdf, page 11>
Package pdftex.def Info: Comp Aspects Hw1.pdf , page11 used on input line 427.
(pdftex.def)             Requested size: 615.29869pt x 795.69382pt.
[17

 <./Comp Aspects Hw1.pdf>] (./hw1SinghJaiseljs6897.pdf.aux)
 ***********
LaTeX2e <2024-11-01> patch level 2
L3 programming layer <2025-01-18>
 ***********
 ) 
Here is how much of TeX's memory you used:
 7261 strings out of 473190
 105843 string characters out of 5715801
 967531 words of memory out of 5000000
 30427 multiletter control sequences out of 15000+600000
 574042 words of font info for 73 fonts, out of 8000000 for 9000
 1141 hyphenation exceptions out of 8191
 72i,17n,79p,547b,1787s stack positions out of 10000i,1000n,20000p,200000b,200000s
</usr/local/texlive/2025/texmf-dist/fonts/type1/public/amsfonts/cm/cmex10.pfb></usr/local/texlive/2025/texmf-dist/fonts/type1/public/amsfonts/cm/cmmi10.pfb></usr/local/texlive/2025/texmf-dist/fonts/type1/public/amsfonts/cm/cmmi12.pfb></usr/local/texlive/2025/texmf-dist/fonts/type1/public/amsfonts/cm/cmmi8.pfb></usr/local/texlive/2025/texmf-dist/fonts/type1/public/amsfonts/cm/cmr10.pfb></usr/local/texlive/2025/texmf-dist/fonts/type1/public/amsfonts/cm/cmr12.pfb></usr/local/texlive/2025/texmf-dist/fonts/type1/public/amsfonts/cm/cmr8.pfb></usr/local/texlive/2025/texmf-dist/fonts/type1/public/amsfonts/cm/cmsy10.pfb></usr/local/texlive/2025/texmf-dist/fonts/type1/public/amsfonts/cm/cmsy8.pfb></usr/local/texlive/2025/texmf-dist/fonts/type1/public/amsfonts/symbols/msbm10.pfb></usr/local/texlive/2025/texmf-dist/fonts/type1/public/cm-super/sfbx1095.pfb></usr/local/texlive/2025/texmf-dist/fonts/type1/public/cm-super/sfbx1200.pfb></usr/local/texlive/2025/texmf-dist/fonts/type1/public/cm-super/sfbx1440.pfb></usr/local/texlive/2025/texmf-dist/fonts/type1/public/cm-super/sfrm0600.pfb></usr/local/texlive/2025/texmf-dist/fonts/type1/public/cm-super/sfrm0800.pfb></usr/local/texlive/2025/texmf-dist/fonts/type1/public/cm-super/sfrm1095.pfb></usr/local/texlive/2025/texmf-dist/fonts/type1/public/cm-super/sfrm1200.pfb></usr/local/texlive/2025/texmf-dist/fonts/type1/public/cm-super/sfrm1728.pfb></usr/local/texlive/2025/texmf-dist/fonts/type1/public/cm-super/sfti1095.pfb></usr/local/texlive/2025/texmf-dist/fonts/type1/public/cm-super/sftt1000.pfb></usr/local/texlive/2025/texmf-dist/fonts/type1/public/cm-super/sftt1095.pfb>
Output written on hw1SinghJaiseljs6897.pdf.pdf (17 pages, 2621778 bytes).
PDF statistics:
 1302 PDF objects out of 1440 (max. 8388607)
 837 compressed objects within 9 object streams
 0 named destinations out of 1000 (max. 500000)
 66 words of extra memory for PDF output out of 10000 (max. 10000000)

